07-Aug-2024 15:53:10.509 信息 [main] org.apache.catalina.startup.VersionLoggerListener.log Server.服务器版本: Apache Tomcat/9.0.85
07-Aug-2024 15:53:10.518 信息 [main] org.apache.catalina.startup.VersionLoggerListener.log 服务器构建:        Jan 5 2024 08:28:07 UTC
07-Aug-2024 15:53:10.519 信息 [main] org.apache.catalina.startup.VersionLoggerListener.log 服务器版本号:      9.0.85.0
07-Aug-2024 15:53:10.519 信息 [main] org.apache.catalina.startup.VersionLoggerListener.log 操作系统名称:      Linux
07-Aug-2024 15:53:10.519 信息 [main] org.apache.catalina.startup.VersionLoggerListener.log OS.版本:           6.9.12-200.fc40.x86_64
07-Aug-2024 15:53:10.519 信息 [main] org.apache.catalina.startup.VersionLoggerListener.log 架构:              amd64
07-Aug-2024 15:53:10.519 信息 [main] org.apache.catalina.startup.VersionLoggerListener.log Java 环境变量:     /usr/lib/jvm/java-17-openjdk-17.0.12.0.7-2.fc40.x86_64
07-Aug-2024 15:53:10.519 信息 [main] org.apache.catalina.startup.VersionLoggerListener.log Java虚拟机版本:    17.0.12+7
07-Aug-2024 15:53:10.519 信息 [main] org.apache.catalina.startup.VersionLoggerListener.log JVM.供应商:        Red Hat, Inc.
07-Aug-2024 15:53:10.520 信息 [main] org.apache.catalina.startup.VersionLoggerListener.log CATALINA_BASE:     /home/sxrhhh/code/java/apache-tomcat-9.0.85
07-Aug-2024 15:53:10.520 信息 [main] org.apache.catalina.startup.VersionLoggerListener.log CATALINA_HOME:     /home/sxrhhh/code/java/apache-tomcat-9.0.85
07-Aug-2024 15:53:10.536 信息 [main] org.apache.catalina.startup.VersionLoggerListener.log 命令行参数：       --add-opens=java.base/java.lang=ALL-UNNAMED
07-Aug-2024 15:53:10.537 信息 [main] org.apache.catalina.startup.VersionLoggerListener.log 命令行参数：       --add-opens=java.base/java.io=ALL-UNNAMED
07-Aug-2024 15:53:10.537 信息 [main] org.apache.catalina.startup.VersionLoggerListener.log 命令行参数：       --add-opens=java.base/java.util=ALL-UNNAMED
07-Aug-2024 15:53:10.537 信息 [main] org.apache.catalina.startup.VersionLoggerListener.log 命令行参数：       --add-opens=java.base/java.util.concurrent=ALL-UNNAMED
07-Aug-2024 15:53:10.537 信息 [main] org.apache.catalina.startup.VersionLoggerListener.log 命令行参数：       --add-opens=java.rmi/sun.rmi.transport=ALL-UNNAMED
07-Aug-2024 15:53:10.537 信息 [main] org.apache.catalina.startup.VersionLoggerListener.log 命令行参数：       -Djava.util.logging.config.file=/home/sxrhhh/code/java/apache-tomcat-9.0.85/conf/logging.properties
07-Aug-2024 15:53:10.537 信息 [main] org.apache.catalina.startup.VersionLoggerListener.log 命令行参数：       -Djava.util.logging.manager=org.apache.juli.ClassLoaderLogManager
07-Aug-2024 15:53:10.537 信息 [main] org.apache.catalina.startup.VersionLoggerListener.log 命令行参数：       -Djdk.tls.ephemeralDHKeySize=2048
07-Aug-2024 15:53:10.537 信息 [main] org.apache.catalina.startup.VersionLoggerListener.log 命令行参数：       -Djava.protocol.handler.pkgs=org.apache.catalina.webresources
07-Aug-2024 15:53:10.537 信息 [main] org.apache.catalina.startup.VersionLoggerListener.log 命令行参数：       -Dorg.apache.catalina.security.SecurityListener.UMASK=0027
07-Aug-2024 15:53:10.538 信息 [main] org.apache.catalina.startup.VersionLoggerListener.log 命令行参数：       -Dignore.endorsed.dirs=
07-Aug-2024 15:53:10.538 信息 [main] org.apache.catalina.startup.VersionLoggerListener.log 命令行参数：       -Dcatalina.base=/home/sxrhhh/code/java/apache-tomcat-9.0.85
07-Aug-2024 15:53:10.538 信息 [main] org.apache.catalina.startup.VersionLoggerListener.log 命令行参数：       -Dcatalina.home=/home/sxrhhh/code/java/apache-tomcat-9.0.85
07-Aug-2024 15:53:10.538 信息 [main] org.apache.catalina.startup.VersionLoggerListener.log 命令行参数：       -Djava.io.tmpdir=/home/sxrhhh/code/java/apache-tomcat-9.0.85/temp
07-Aug-2024 15:53:10.539 信息 [main] org.apache.catalina.core.AprLifecycleListener.lifecycleEvent 在java.library.path:[/usr/java/packages/lib:/usr/lib64:/lib64:/lib:/usr/lib]上找不到基于APR的Apache Tomcat本机库，该库允许在生产环境中获得最佳性能
07-Aug-2024 15:53:10.807 信息 [main] org.apache.coyote.AbstractProtocol.init 初始化协议处理器 ["http-nio-8080"]
07-Aug-2024 15:53:10.830 信息 [main] org.apache.catalina.startup.Catalina.load 服务器在[600]毫秒内初始化
07-Aug-2024 15:53:10.863 信息 [main] org.apache.catalina.core.StandardService.startInternal 正在启动服务[Catalina]
07-Aug-2024 15:53:10.863 信息 [main] org.apache.catalina.core.StandardEngine.startInternal 正在启动 Servlet 引擎：[Apache Tomcat/9.0.85]
07-Aug-2024 15:53:10.867 信息 [main] org.apache.catalina.startup.HostConfig.deployDirectory 把web 应用程序部署到目录 [/home/sxrhhh/code/java/apache-tomcat-9.0.85/webapps/docs]
07-Aug-2024 15:53:11.075 信息 [main] org.apache.catalina.startup.HostConfig.deployDirectory Web应用程序目录[/home/sxrhhh/code/java/apache-tomcat-9.0.85/webapps/docs]的部署已在[202]毫秒内完成
07-Aug-2024 15:53:11.076 信息 [main] org.apache.catalina.startup.HostConfig.deployDirectory 把web 应用程序部署到目录 [/home/sxrhhh/code/java/apache-tomcat-9.0.85/webapps/examples]
07-Aug-2024 15:53:11.257 信息 [main] org.apache.catalina.startup.HostConfig.deployDirectory Web应用程序目录[/home/sxrhhh/code/java/apache-tomcat-9.0.85/webapps/examples]的部署已在[181]毫秒内完成
07-Aug-2024 15:53:11.258 信息 [main] org.apache.catalina.startup.HostConfig.deployDirectory 把web 应用程序部署到目录 [/home/sxrhhh/code/java/apache-tomcat-9.0.85/webapps/host-manager]
07-Aug-2024 15:53:11.281 信息 [main] org.apache.catalina.startup.HostConfig.deployDirectory Web应用程序目录[/home/sxrhhh/code/java/apache-tomcat-9.0.85/webapps/host-manager]的部署已在[22]毫秒内完成
07-Aug-2024 15:53:11.281 信息 [main] org.apache.catalina.startup.HostConfig.deployDirectory 把web 应用程序部署到目录 [/home/sxrhhh/code/java/apache-tomcat-9.0.85/webapps/manager]
07-Aug-2024 15:53:11.300 信息 [main] org.apache.catalina.startup.HostConfig.deployDirectory Web应用程序目录[/home/sxrhhh/code/java/apache-tomcat-9.0.85/webapps/manager]的部署已在[19]毫秒内完成
07-Aug-2024 15:53:11.300 信息 [main] org.apache.catalina.startup.HostConfig.deployDirectory 把web 应用程序部署到目录 [/home/sxrhhh/code/java/apache-tomcat-9.0.85/webapps/kuang]
07-Aug-2024 15:53:11.328 信息 [main] org.apache.catalina.startup.HostConfig.deployDirectory Web应用程序目录[/home/sxrhhh/code/java/apache-tomcat-9.0.85/webapps/kuang]的部署已在[28]毫秒内完成
07-Aug-2024 15:53:11.329 信息 [main] org.apache.catalina.startup.HostConfig.deployDirectory 把web 应用程序部署到目录 [/home/sxrhhh/code/java/apache-tomcat-9.0.85/webapps/hello2_war]
07-Aug-2024 15:53:11.340 信息 [main] org.apache.catalina.startup.HostConfig.deployDirectory Web应用程序目录[/home/sxrhhh/code/java/apache-tomcat-9.0.85/webapps/hello2_war]的部署已在[11]毫秒内完成
07-Aug-2024 15:53:11.340 信息 [main] org.apache.catalina.startup.HostConfig.deployDirectory 把web 应用程序部署到目录 [/home/sxrhhh/code/java/apache-tomcat-9.0.85/webapps/servlet_01_war]
07-Aug-2024 15:53:11.385 信息 [main] org.apache.jasper.servlet.TldScanner.scanJars 至少有一个JAR被扫描用于TLD但尚未包含TLD。 为此记录器启用调试日志记录，以获取已扫描但未在其中找到TLD的完整JAR列表。 在扫描期间跳过不需要的JAR可以缩短启动时间和JSP编译时间。
07-Aug-2024 15:53:11.387 信息 [main] org.apache.catalina.startup.HostConfig.deployDirectory Web应用程序目录[/home/sxrhhh/code/java/apache-tomcat-9.0.85/webapps/servlet_01_war]的部署已在[47]毫秒内完成
07-Aug-2024 15:53:11.387 信息 [main] org.apache.catalina.startup.HostConfig.deployDirectory 把web 应用程序部署到目录 [/home/sxrhhh/code/java/apache-tomcat-9.0.85/webapps/s1]
07-Aug-2024 15:53:11.422 信息 [main] org.apache.jasper.servlet.TldScanner.scanJars 至少有一个JAR被扫描用于TLD但尚未包含TLD。 为此记录器启用调试日志记录，以获取已扫描但未在其中找到TLD的完整JAR列表。 在扫描期间跳过不需要的JAR可以缩短启动时间和JSP编译时间。
07-Aug-2024 15:53:11.423 信息 [main] org.apache.catalina.startup.HostConfig.deployDirectory Web应用程序目录[/home/sxrhhh/code/java/apache-tomcat-9.0.85/webapps/s1]的部署已在[36]毫秒内完成
07-Aug-2024 15:53:11.423 信息 [main] org.apache.catalina.startup.HostConfig.deployDirectory 把web 应用程序部署到目录 [/home/sxrhhh/code/java/apache-tomcat-9.0.85/webapps/servlet_02_war]
07-Aug-2024 15:53:11.451 信息 [main] org.apache.jasper.servlet.TldScanner.scanJars 至少有一个JAR被扫描用于TLD但尚未包含TLD。 为此记录器启用调试日志记录，以获取已扫描但未在其中找到TLD的完整JAR列表。 在扫描期间跳过不需要的JAR可以缩短启动时间和JSP编译时间。
07-Aug-2024 15:53:11.452 信息 [main] org.apache.catalina.startup.HostConfig.deployDirectory Web应用程序目录[/home/sxrhhh/code/java/apache-tomcat-9.0.85/webapps/servlet_02_war]的部署已在[29]毫秒内完成
07-Aug-2024 15:53:11.453 信息 [main] org.apache.catalina.startup.HostConfig.deployDirectory 把web 应用程序部署到目录 [/home/sxrhhh/code/java/apache-tomcat-9.0.85/webapps/r]
07-Aug-2024 15:53:11.465 信息 [main] org.apache.catalina.startup.HostConfig.deployDirectory Web应用程序目录[/home/sxrhhh/code/java/apache-tomcat-9.0.85/webapps/r]的部署已在[12]毫秒内完成
07-Aug-2024 15:53:11.465 信息 [main] org.apache.catalina.startup.HostConfig.deployDirectory 把web 应用程序部署到目录 [/home/sxrhhh/code/java/apache-tomcat-9.0.85/webapps/s2]
07-Aug-2024 15:53:11.489 信息 [main] org.apache.jasper.servlet.TldScanner.scanJars 至少有一个JAR被扫描用于TLD但尚未包含TLD。 为此记录器启用调试日志记录，以获取已扫描但未在其中找到TLD的完整JAR列表。 在扫描期间跳过不需要的JAR可以缩短启动时间和JSP编译时间。
07-Aug-2024 15:53:11.490 信息 [main] org.apache.catalina.startup.HostConfig.deployDirectory Web应用程序目录[/home/sxrhhh/code/java/apache-tomcat-9.0.85/webapps/s2]的部署已在[25]毫秒内完成
07-Aug-2024 15:53:11.491 信息 [main] org.apache.catalina.startup.HostConfig.deployDirectory 把web 应用程序部署到目录 [/home/sxrhhh/code/java/apache-tomcat-9.0.85/webapps/response_war]
07-Aug-2024 15:53:11.503 信息 [main] org.apache.catalina.startup.HostConfig.deployDirectory Web应用程序目录[/home/sxrhhh/code/java/apache-tomcat-9.0.85/webapps/response_war]的部署已在[12]毫秒内完成
07-Aug-2024 15:53:11.503 信息 [main] org.apache.catalina.startup.HostConfig.deployDirectory 把web 应用程序部署到目录 [/home/sxrhhh/code/java/apache-tomcat-9.0.85/webapps/session_cookie_war]
07-Aug-2024 15:53:11.518 信息 [main] org.apache.catalina.startup.HostConfig.deployDirectory Web应用程序目录[/home/sxrhhh/code/java/apache-tomcat-9.0.85/webapps/session_cookie_war]的部署已在[15]毫秒内完成
07-Aug-2024 15:53:11.519 信息 [main] org.apache.catalina.startup.HostConfig.deployDirectory 把web 应用程序部署到目录 [/home/sxrhhh/code/java/apache-tomcat-9.0.85/webapps/ROOT]
07-Aug-2024 15:53:11.572 信息 [main] org.apache.jasper.servlet.TldScanner.scanJars 至少有一个JAR被扫描用于TLD但尚未包含TLD。 为此记录器启用调试日志记录，以获取已扫描但未在其中找到TLD的完整JAR列表。 在扫描期间跳过不需要的JAR可以缩短启动时间和JSP编译时间。
07-Aug-2024 15:53:11.576 信息 [main] org.apache.catalina.startup.HostConfig.deployDirectory Web应用程序目录[/home/sxrhhh/code/java/apache-tomcat-9.0.85/webapps/ROOT]的部署已在[57]毫秒内完成
07-Aug-2024 15:53:11.576 信息 [main] org.apache.catalina.startup.HostConfig.deployDirectory 把web 应用程序部署到目录 [/home/sxrhhh/code/java/apache-tomcat-9.0.85/webapps/smbms]
07-Aug-2024 15:53:11.588 信息 [main] org.apache.catalina.startup.HostConfig.deployDirectory Web应用程序目录[/home/sxrhhh/code/java/apache-tomcat-9.0.85/webapps/smbms]的部署已在[12]毫秒内完成
07-Aug-2024 15:53:11.590 信息 [main] org.apache.coyote.AbstractProtocol.start 开始协议处理句柄["http-nio-8080"]
07-Aug-2024 15:53:11.600 信息 [main] org.apache.catalina.startup.Catalina.start [769]毫秒后服务器启动
07-Aug-2024 15:59:42.162 信息 [Catalina-utility-1] org.apache.catalina.startup.HostConfig.undeploy 正在取消部署上下文[/smbms]
07-Aug-2024 16:02:04.942 警告 [main] org.apache.catalina.core.StandardServer.await 收到无效的关闭命令[]
07-Aug-2024 16:02:25.912 信息 [main] org.apache.catalina.core.StandardServer.await 通过关闭端口接收到有效的关闭命令。正在停止服务器实例。
07-Aug-2024 16:02:25.912 信息 [main] org.apache.coyote.AbstractProtocol.pause 暂停ProtocolHandler["http-nio-8080"]
07-Aug-2024 16:02:25.914 信息 [main] org.apache.catalina.core.StandardService.stopInternal 正在停止服务[Catalina]
07-Aug-2024 16:02:25.940 信息 [main] org.apache.coyote.AbstractProtocol.stop 正在停止ProtocolHandler ["http-nio-8080"]
07-Aug-2024 16:02:25.949 信息 [main] org.apache.coyote.AbstractProtocol.destroy 正在摧毁协议处理器 ["http-nio-8080"]
